<?xml version="1.0" encoding="UTF-8"?>
<!-- Generated by org.testng.reporters.JUnitXMLReporter -->
<testsuite hostname="Satish2700-01" name="Test" tests="1" failures="1" timestamp="6 Jan 2021 18:03:41 GMT" time="0.036" errors="0">
  <testcase name="@AfterTest EndTest" time="0.0" classname="TestVagrant.Assignment.test">
    <failure type="java.lang.NullPointerException">
      <![CDATA[java.lang.NullPointerException
	at TestVagrant.Assignment.test.EndTest(test.java:48)
... Removed 22 stack frames]]>
    </failure>
  </testcase> <!-- @AfterTest EndTest -->
  <testcase name="tests" time="0.006" classname="TestVagrant.Assignment.test">
    <failure type="java.lang.NullPointerException">
      <![CDATA[java.lang.NullPointerException
	at TestVagrant.Assignment.test.tests(test.java:30)
... Removed 24 stack frames]]>
    </failure>
  </testcase> <!-- tests -->
</testsuite> <!-- Test -->
